  Astar 八数码.cpp
  bellman_ford.cpp
  bfs 走迷宫.cpp
  bfs八数码.cpp
  bfs抓住那头牛.cpp
  bfs最优乘车.cpp
  bfs输出最短路径.cpp
  dfs判断互质.cpp
  dfs单词接龙.cpp
  dfs双向dfs.cpp
  dfs木棍剪枝.cpp
  dfs猫猫下山.cpp
  dfs生日蛋糕.cpp
  dfs组合.cpp
  dfs迭代加深.cpp
  dijkstra.cpp
  dijkstra堆优化.cpp
  dijkstra天梯路径.cpp
  DP 数字三角形模型.cpp
  DP 数字组合.cpp
  正在生成代码...
  正在编译...
  DP 最长上升子序列 导弹拦截.cpp
  DP 最长上升子序列 导弹防御.cpp
  DP 最长上升子序列 滑翔翼.cpp
  DP 最长上升子序列 登山.cpp
  floyd 传递闭包.cpp
  floyd 无向图最小负环.cpp
  floyd 牛的旅行.cpp
  floyd.cpp
  kmp算法.cpp
  n皇后 dfs.cpp
  SPFA.cpp
  SPFA判断负环.cpp
  STL 全排列.cpp
  Trie树 最大异或对.cpp
  Trie树.cpp
  七段码.cpp
  二分查找.cpp
  二维前缀和.cpp
  二维差分.cpp
  二维费用背包.cpp
  正在生成代码...
E:\模板\floyd 传递闭包.cpp(56): warning C4715: “get_min”: 不是所有的控件路径都返回值
  正在编译...
  二进制中1的个数.cpp
  全排列dfs.cpp
  分解质因数.cpp
  前缀和.cpp
  匈牙利算法.cpp
  区间dp 合并石子儿.cpp
  区间合并.cpp
  单调栈.cpp
  单调队列.cpp
  单调队列STL.cpp
  双向广搜 字符变换.cpp
